{"level":"info","ts":"2023-10-11T09:09:29.154Z","caller":"etcdmain/etcd.go:73","msg":"Running: ","args":["etcd","--advertise-client-urls=https://192.168.49.2:2379","--cert-file=/var/lib/minikube/certs/etcd/server.crt","--client-cert-auth=true","--data-dir=/var/lib/minikube/etcd","--experimental-initial-corrupt-check=true","--experimental-watch-progress-notify-interval=5s","--initial-advertise-peer-urls=https://192.168.49.2:2380","--initial-cluster=minikube=https://192.168.49.2:2380","--key-file=/var/lib/minikube/certs/etcd/server.key","--listen-client-urls=https://127.0.0.1:2379,https://192.168.49.2:2379","--listen-metrics-urls=http://127.0.0.1:2381","--listen-peer-urls=https://192.168.49.2:2380","--name=minikube","--peer-cert-file=/var/lib/minikube/certs/etcd/peer.crt","--peer-client-cert-auth=true","--peer-key-file=/var/lib/minikube/certs/etcd/peer.key","--peer-trusted-ca-file=/var/lib/minikube/certs/etcd/ca.crt","--proxy-refresh-interval=70000","--snapshot-count=10000","--trusted-ca-file=/var/lib/minikube/certs/etcd/ca.crt"]}
{"level":"info","ts":"2023-10-11T09:09:29.155Z","caller":"etcdmain/etcd.go:116","msg":"server has been already initialized","data-dir":"/var/lib/minikube/etcd","dir-type":"member"}
{"level":"info","ts":"2023-10-11T09:09:29.155Z","caller":"embed/etcd.go:124","msg":"configuring peer listeners","listen-peer-urls":["https://192.168.49.2:2380"]}
{"level":"info","ts":"2023-10-11T09:09:29.156Z","caller":"embed/etcd.go:484","msg":"starting with peer TLS","tls-info":"cert = /var/lib/minikube/certs/etcd/peer.crt, key = /var/lib/minikube/certs/etcd/peer.key, client-cert=, client-key=, trusted-ca = /var/lib/minikube/certs/etcd/ca.crt, client-cert-auth = true, crl-file = ","cipher-suites":[]}
{"level":"info","ts":"2023-10-11T09:09:29.157Z","caller":"embed/etcd.go:132","msg":"configuring client listeners","listen-client-urls":["https://127.0.0.1:2379","https://192.168.49.2:2379"]}
{"level":"info","ts":"2023-10-11T09:09:29.159Z","caller":"embed/etcd.go:306","msg":"starting an etcd server","etcd-version":"3.5.7","git-sha":"215b53cf3","go-version":"go1.17.13","go-os":"linux","go-arch":"amd64","max-cpu-set":8,"max-cpu-available":8,"member-initialized":true,"name":"minikube","data-dir":"/var/lib/minikube/etcd","wal-dir":"","wal-dir-dedicated":"","member-dir":"/var/lib/minikube/etcd/member","force-new-cluster":false,"heartbeat-interval":"100ms","election-timeout":"1s","initial-election-tick-advance":true,"snapshot-count":10000,"max-wals":5,"max-snapshots":5,"snapshot-catchup-entries":5000,"initial-advertise-peer-urls":["https://192.168.49.2:2380"],"listen-peer-urls":["https://192.168.49.2:2380"],"advertise-client-urls":["https://192.168.49.2:2379"],"listen-client-urls":["https://127.0.0.1:2379","https://192.168.49.2:2379"],"listen-metrics-urls":["http://127.0.0.1:2381"],"cors":["*"],"host-whitelist":["*"],"initial-cluster":"","initial-cluster-state":"new","initial-cluster-token":"","quota-backend-bytes":2147483648,"max-request-bytes":1572864,"max-concurrent-streams":4294967295,"pre-vote":true,"initial-corrupt-check":true,"corrupt-check-time-interval":"0s","compact-check-time-enabled":false,"compact-check-time-interval":"1m0s","auto-compaction-mode":"periodic","auto-compaction-retention":"0s","auto-compaction-interval":"0s","discovery-url":"","discovery-proxy":"","downgrade-check-interval":"5s"}
{"level":"info","ts":"2023-10-11T09:09:29.182Z","caller":"etcdserver/backend.go:81","msg":"opened backend db","path":"/var/lib/minikube/etcd/member/snap/db","took":"22.597982ms"}
{"level":"info","ts":"2023-10-11T09:09:29.746Z","caller":"etcdserver/server.go:509","msg":"recovered v2 store from snapshot","snapshot-index":270027,"snapshot-size":"17 kB"}
{"level":"info","ts":"2023-10-11T09:09:29.746Z","caller":"etcdserver/server.go:522","msg":"recovered v3 backend from snapshot","backend-size-bytes":4239360,"backend-size":"4.2 MB","backend-size-in-use-bytes":1359872,"backend-size-in-use":"1.4 MB"}
{"level":"info","ts":"2023-10-11T09:09:29.873Z","caller":"etcdserver/raft.go:529","msg":"restarting local member","cluster-id":"fa54960ea34d58be","local-member-id":"aec36adc501070cc","commit-index":276782}
{"level":"info","ts":"2023-10-11T09:09:29.874Z","logger":"raft","caller":"etcdserver/zap_raft.go:77","msg":"aec36adc501070cc switched to configuration voters=(12593026477526642892)"}
{"level":"info","ts":"2023-10-11T09:09:29.874Z","logger":"raft","caller":"etcdserver/zap_raft.go:77","msg":"aec36adc501070cc became follower at term 30"}
{"level":"info","ts":"2023-10-11T09:09:29.874Z","logger":"raft","caller":"etcdserver/zap_raft.go:77","msg":"newRaft aec36adc501070cc [peers: [aec36adc501070cc], term: 30, commit: 276782, applied: 270027, lastindex: 276782, lastterm: 30]"}
{"level":"info","ts":"2023-10-11T09:09:29.874Z","caller":"api/capability.go:75","msg":"enabled capabilities for version","cluster-version":"3.5"}
{"level":"info","ts":"2023-10-11T09:09:29.874Z","caller":"membership/cluster.go:278","msg":"recovered/added member from store","cluster-id":"fa54960ea34d58be","local-member-id":"aec36adc501070cc","recovered-remote-peer-id":"aec36adc501070cc","recovered-remote-peer-urls":["https://192.168.49.2:2380"]}
{"level":"info","ts":"2023-10-11T09:09:29.874Z","caller":"membership/cluster.go:287","msg":"set cluster version from store","cluster-version":"3.5"}
{"level":"warn","ts":"2023-10-11T09:09:29.875Z","caller":"auth/store.go:1234","msg":"simple token is not cryptographically signed"}
{"level":"info","ts":"2023-10-11T09:09:29.875Z","caller":"mvcc/kvstore.go:323","msg":"restored last compact revision","meta-bucket-name":"meta","meta-bucket-name-key":"finishedCompactRev","restored-compact-revision":227570}
{"level":"info","ts":"2023-10-11T09:09:29.877Z","caller":"mvcc/kvstore.go:393","msg":"kvstore restored","current-rev":227885}
{"level":"info","ts":"2023-10-11T09:09:29.878Z","caller":"etcdserver/quota.go:94","msg":"enabled backend quota with default value","quota-name":"v3-applier","quota-size-bytes":2147483648,"quota-size":"2.1 GB"}
{"level":"info","ts":"2023-10-11T09:09:29.879Z","caller":"etcdserver/corrupt.go:95","msg":"starting initial corruption check","local-member-id":"aec36adc501070cc","timeout":"7s"}
{"level":"info","ts":"2023-10-11T09:09:29.879Z","caller":"etcdserver/corrupt.go:165","msg":"initial corruption checking passed; no corruption","local-member-id":"aec36adc501070cc"}
{"level":"info","ts":"2023-10-11T09:09:29.879Z","caller":"etcdserver/server.go:845","msg":"starting etcd server","local-member-id":"aec36adc501070cc","local-server-version":"3.5.7","cluster-id":"fa54960ea34d58be","cluster-version":"3.5"}
{"level":"info","ts":"2023-10-11T09:09:29.879Z","caller":"etcdserver/server.go:738","msg":"started as single-node; fast-forwarding election ticks","local-member-id":"aec36adc501070cc","forward-ticks":9,"forward-duration":"900ms","election-ticks":10,"election-timeout":"1s"}
{"level":"info","ts":"2023-10-11T09:09:29.879Z","caller":"fileutil/purge.go:44","msg":"started to purge file","dir":"/var/lib/minikube/etcd/member/snap","suffix":"snap.db","max":5,"interval":"30s"}
{"level":"info","ts":"2023-10-11T09:09:29.879Z","caller":"fileutil/purge.go:44","msg":"started to purge file","dir":"/var/lib/minikube/etcd/member/snap","suffix":"snap","max":5,"interval":"30s"}
{"level":"info","ts":"2023-10-11T09:09:29.879Z","caller":"fileutil/purge.go:44","msg":"started to purge file","dir":"/var/lib/minikube/etcd/member/wal","suffix":"wal","max":5,"interval":"30s"}
{"level":"info","ts":"2023-10-11T09:09:29.882Z","caller":"embed/etcd.go:687","msg":"starting with client TLS","tls-info":"cert = /var/lib/minikube/certs/etcd/server.crt, key = /var/lib/minikube/certs/etcd/server.key, client-cert=, client-key=, trusted-ca = /var/lib/minikube/certs/etcd/ca.crt, client-cert-auth = true, crl-file = ","cipher-suites":[]}
{"level":"info","ts":"2023-10-11T09:09:29.882Z","caller":"embed/etcd.go:586","msg":"serving peer traffic","address":"192.168.49.2:2380"}
{"level":"info","ts":"2023-10-11T09:09:29.882Z","caller":"embed/etcd.go:558","msg":"cmux::serve","address":"192.168.49.2:2380"}
{"level":"info","ts":"2023-10-11T09:09:29.882Z","caller":"embed/etcd.go:275","msg":"now serving peer/client/metrics","local-member-id":"aec36adc501070cc","initial-advertise-peer-urls":["https://192.168.49.2:2380"],"listen-peer-urls":["https://192.168.49.2:2380"],"advertise-client-urls":["https://192.168.49.2:2379"],"listen-client-urls":["https://127.0.0.1:2379","https://192.168.49.2:2379"],"listen-metrics-urls":["http://127.0.0.1:2381"]}
{"level":"info","ts":"2023-10-11T09:09:29.882Z","caller":"embed/etcd.go:762","msg":"serving metrics","address":"http://127.0.0.1:2381"}
{"level":"info","ts":"2023-10-11T09:09:29.974Z","logger":"raft","caller":"etcdserver/zap_raft.go:77","msg":"aec36adc501070cc is starting a new election at term 30"}
{"level":"info","ts":"2023-10-11T09:09:29.974Z","logger":"raft","caller":"etcdserver/zap_raft.go:77","msg":"aec36adc501070cc became pre-candidate at term 30"}
{"level":"info","ts":"2023-10-11T09:09:29.974Z","logger":"raft","caller":"etcdserver/zap_raft.go:77","msg":"aec36adc501070cc received MsgPreVoteResp from aec36adc501070cc at term 30"}
{"level":"info","ts":"2023-10-11T09:09:29.974Z","logger":"raft","caller":"etcdserver/zap_raft.go:77","msg":"aec36adc501070cc became candidate at term 31"}
{"level":"info","ts":"2023-10-11T09:09:29.974Z","logger":"raft","caller":"etcdserver/zap_raft.go:77","msg":"aec36adc501070cc received MsgVoteResp from aec36adc501070cc at term 31"}
{"level":"info","ts":"2023-10-11T09:09:29.974Z","logger":"raft","caller":"etcdserver/zap_raft.go:77","msg":"aec36adc501070cc became leader at term 31"}
{"level":"info","ts":"2023-10-11T09:09:29.974Z","logger":"raft","caller":"etcdserver/zap_raft.go:77","msg":"raft.node: aec36adc501070cc elected leader aec36adc501070cc at term 31"}
{"level":"info","ts":"2023-10-11T09:09:29.976Z","caller":"etcdserver/server.go:2062","msg":"published local member to cluster through raft","local-member-id":"aec36adc501070cc","local-member-attributes":"{Name:minikube ClientURLs:[https://192.168.49.2:2379]}","request-path":"/0/members/aec36adc501070cc/attributes","cluster-id":"fa54960ea34d58be","publish-timeout":"7s"}
{"level":"info","ts":"2023-10-11T09:09:29.976Z","caller":"embed/serve.go:100","msg":"ready to serve client requests"}
{"level":"info","ts":"2023-10-11T09:09:29.976Z","caller":"embed/serve.go:100","msg":"ready to serve client requests"}
{"level":"info","ts":"2023-10-11T09:09:29.977Z","caller":"etcdmain/main.go:44","msg":"notifying init daemon"}
{"level":"info","ts":"2023-10-11T09:09:29.977Z","caller":"etcdmain/main.go:50","msg":"successfully notified init daemon"}
{"level":"info","ts":"2023-10-11T09:09:29.978Z","caller":"embed/serve.go:198","msg":"serving client traffic securely","address":"127.0.0.1:2379"}
{"level":"info","ts":"2023-10-11T09:09:29.978Z","caller":"embed/serve.go:198","msg":"serving client traffic securely","address":"192.168.49.2:2379"}
{"level":"info","ts":"2023-10-11T09:19:30.024Z","caller":"mvcc/index.go:214","msg":"compact tree index","revision":228339}
{"level":"info","ts":"2023-10-11T09:19:30.039Z","caller":"mvcc/kvstore_compaction.go:66","msg":"finished scheduled compaction","compact-revision":228339,"took":"14.699988ms","hash":3127425677}
{"level":"info","ts":"2023-10-11T09:19:30.039Z","caller":"mvcc/hash.go:137","msg":"storing new hash","hash":3127425677,"revision":228339,"compact-revision":227570}
{"level":"info","ts":"2023-10-11T09:24:30.034Z","caller":"mvcc/index.go:214","msg":"compact tree index","revision":228618}
{"level":"info","ts":"2023-10-11T09:24:30.034Z","caller":"mvcc/kvstore_compaction.go:66","msg":"finished scheduled compaction","compact-revision":228618,"took":"412.317µs","hash":3524527308}
{"level":"info","ts":"2023-10-11T09:24:30.034Z","caller":"mvcc/hash.go:137","msg":"storing new hash","hash":3524527308,"revision":228618,"compact-revision":228339}
{"level":"info","ts":"2023-10-11T09:33:52.869Z","caller":"mvcc/index.go:214","msg":"compact tree index","revision":228898}
{"level":"info","ts":"2023-10-11T09:33:52.871Z","caller":"mvcc/kvstore_compaction.go:66","msg":"finished scheduled compaction","compact-revision":228898,"took":"2.000125ms","hash":1800975121}
{"level":"info","ts":"2023-10-11T09:33:52.871Z","caller":"mvcc/hash.go:137","msg":"storing new hash","hash":1800975121,"revision":228898,"compact-revision":228618}
{"level":"info","ts":"2023-10-11T09:38:52.880Z","caller":"mvcc/index.go:214","msg":"compact tree index","revision":229176}
{"level":"info","ts":"2023-10-11T09:38:52.882Z","caller":"mvcc/kvstore_compaction.go:66","msg":"finished scheduled compaction","compact-revision":229176,"took":"987.395µs","hash":4083020133}
{"level":"info","ts":"2023-10-11T09:38:52.882Z","caller":"mvcc/hash.go:137","msg":"storing new hash","hash":4083020133,"revision":229176,"compact-revision":228898}
{"level":"info","ts":"2023-10-11T09:43:52.891Z","caller":"mvcc/index.go:214","msg":"compact tree index","revision":229455}
{"level":"info","ts":"2023-10-11T09:43:52.892Z","caller":"mvcc/kvstore_compaction.go:66","msg":"finished scheduled compaction","compact-revision":229455,"took":"893.73µs","hash":3708038101}
{"level":"info","ts":"2023-10-11T09:43:52.892Z","caller":"mvcc/hash.go:137","msg":"storing new hash","hash":3708038101,"revision":229455,"compact-revision":229176}
{"level":"info","ts":"2023-10-11T09:48:52.900Z","caller":"mvcc/index.go:214","msg":"compact tree index","revision":229736}
{"level":"info","ts":"2023-10-11T09:48:52.901Z","caller":"mvcc/kvstore_compaction.go:66","msg":"finished scheduled compaction","compact-revision":229736,"took":"440.974µs","hash":225608909}
{"level":"info","ts":"2023-10-11T09:48:52.901Z","caller":"mvcc/hash.go:137","msg":"storing new hash","hash":225608909,"revision":229736,"compact-revision":229455}
{"level":"info","ts":"2023-10-11T09:55:41.416Z","caller":"mvcc/index.go:214","msg":"compact tree index","revision":230015}
{"level":"info","ts":"2023-10-11T09:55:41.417Z","caller":"mvcc/kvstore_compaction.go:66","msg":"finished scheduled compaction","compact-revision":230015,"took":"1.168695ms","hash":4233182497}
{"level":"info","ts":"2023-10-11T09:55:41.417Z","caller":"mvcc/hash.go:137","msg":"storing new hash","hash":4233182497,"revision":230015,"compact-revision":229736}
{"level":"info","ts":"2023-10-11T09:56:23.201Z","caller":"traceutil/trace.go:171","msg":"trace[894448096] transaction","detail":"{read_only:false; response_revision:230335; number_of_response:1; }","duration":"112.924807ms","start":"2023-10-11T09:56:23.088Z","end":"2023-10-11T09:56:23.201Z","steps":["trace[894448096] 'process raft request'  (duration: 112.848078ms)"],"step_count":1}
{"level":"info","ts":"2023-10-11T09:56:34.498Z","caller":"traceutil/trace.go:171","msg":"trace[1360468937] transaction","detail":"{read_only:false; response_revision:230347; number_of_response:1; }","duration":"102.634665ms","start":"2023-10-11T09:56:34.395Z","end":"2023-10-11T09:56:34.498Z","steps":["trace[1360468937] 'process raft request'  (duration: 102.468546ms)"],"step_count":1}
{"level":"info","ts":"2023-10-11T09:57:00.730Z","caller":"traceutil/trace.go:171","msg":"trace[1085985483] transaction","detail":"{read_only:false; response_revision:230369; number_of_response:1; }","duration":"103.199924ms","start":"2023-10-11T09:57:00.627Z","end":"2023-10-11T09:57:00.730Z","steps":["trace[1085985483] 'process raft request'  (duration: 103.067513ms)"],"step_count":1}
{"level":"info","ts":"2023-10-11T10:00:33.469Z","caller":"etcdserver/server.go:1395","msg":"triggering snapshot","local-member-id":"aec36adc501070cc","local-member-applied-index":280028,"local-member-snapshot-index":270027,"local-member-snapshot-count":10000}
{"level":"info","ts":"2023-10-11T10:00:33.474Z","caller":"etcdserver/server.go:2413","msg":"saved snapshot","snapshot-index":280028}
{"level":"info","ts":"2023-10-11T10:00:33.474Z","caller":"etcdserver/server.go:2443","msg":"compacted Raft logs","compact-index":275028}
{"level":"info","ts":"2023-10-11T10:00:41.427Z","caller":"mvcc/index.go:214","msg":"compact tree index","revision":230295}
{"level":"info","ts":"2023-10-11T10:00:41.428Z","caller":"mvcc/kvstore_compaction.go:66","msg":"finished scheduled compaction","compact-revision":230295,"took":"480.168µs","hash":2029652503}
{"level":"info","ts":"2023-10-11T10:00:41.428Z","caller":"mvcc/hash.go:137","msg":"storing new hash","hash":2029652503,"revision":230295,"compact-revision":230015}
{"level":"info","ts":"2023-10-11T10:00:42.114Z","caller":"fileutil/purge.go:85","msg":"purged","path":"/var/lib/minikube/etcd/member/snap/000000000000001a-0000000000038287.snap"}
{"level":"info","ts":"2023-10-11T13:10:46.802Z","caller":"mvcc/index.go:214","msg":"compact tree index","revision":230575}
{"level":"info","ts":"2023-10-11T13:10:46.803Z","caller":"mvcc/kvstore_compaction.go:66","msg":"finished scheduled compaction","compact-revision":230575,"took":"1.086388ms","hash":3415644625}
{"level":"info","ts":"2023-10-11T13:10:46.803Z","caller":"mvcc/hash.go:137","msg":"storing new hash","hash":3415644625,"revision":230575,"compact-revision":230295}
{"level":"info","ts":"2023-10-11T13:15:46.809Z","caller":"mvcc/index.go:214","msg":"compact tree index","revision":230851}
{"level":"info","ts":"2023-10-11T13:15:46.810Z","caller":"mvcc/kvstore_compaction.go:66","msg":"finished scheduled compaction","compact-revision":230851,"took":"395.253µs","hash":3698272062}
{"level":"info","ts":"2023-10-11T13:15:46.810Z","caller":"mvcc/hash.go:137","msg":"storing new hash","hash":3698272062,"revision":230851,"compact-revision":230575}
{"level":"info","ts":"2023-10-11T13:20:46.813Z","caller":"mvcc/index.go:214","msg":"compact tree index","revision":231132}
{"level":"info","ts":"2023-10-11T13:20:46.816Z","caller":"mvcc/kvstore_compaction.go:66","msg":"finished scheduled compaction","compact-revision":231132,"took":"2.021276ms","hash":3962668229}
{"level":"info","ts":"2023-10-11T13:20:46.816Z","caller":"mvcc/hash.go:137","msg":"storing new hash","hash":3962668229,"revision":231132,"compact-revision":230851}
{"level":"info","ts":"2023-10-11T13:25:46.824Z","caller":"mvcc/index.go:214","msg":"compact tree index","revision":231411}
{"level":"info","ts":"2023-10-11T13:25:46.824Z","caller":"mvcc/kvstore_compaction.go:66","msg":"finished scheduled compaction","compact-revision":231411,"took":"444.525µs","hash":3569493481}
{"level":"info","ts":"2023-10-11T13:25:46.824Z","caller":"mvcc/hash.go:137","msg":"storing new hash","hash":3569493481,"revision":231411,"compact-revision":231132}
{"level":"info","ts":"2023-10-11T13:30:46.830Z","caller":"mvcc/index.go:214","msg":"compact tree index","revision":231697}
{"level":"info","ts":"2023-10-11T13:30:46.832Z","caller":"mvcc/kvstore_compaction.go:66","msg":"finished scheduled compaction","compact-revision":231697,"took":"1.596361ms","hash":2474294891}
{"level":"info","ts":"2023-10-11T13:30:46.832Z","caller":"mvcc/hash.go:137","msg":"storing new hash","hash":2474294891,"revision":231697,"compact-revision":231411}
{"level":"info","ts":"2023-10-11T13:35:46.841Z","caller":"mvcc/index.go:214","msg":"compact tree index","revision":231977}
{"level":"info","ts":"2023-10-11T13:35:46.842Z","caller":"mvcc/kvstore_compaction.go:66","msg":"finished scheduled compaction","compact-revision":231977,"took":"1.098871ms","hash":734993588}
{"level":"info","ts":"2023-10-11T13:35:46.842Z","caller":"mvcc/hash.go:137","msg":"storing new hash","hash":734993588,"revision":231977,"compact-revision":231697}
{"level":"info","ts":"2023-10-11T14:41:37.780Z","caller":"mvcc/index.go:214","msg":"compact tree index","revision":232257}
{"level":"info","ts":"2023-10-11T14:41:37.781Z","caller":"mvcc/kvstore_compaction.go:66","msg":"finished scheduled compaction","compact-revision":232257,"took":"528.22µs","hash":898569353}
{"level":"info","ts":"2023-10-11T14:41:37.781Z","caller":"mvcc/hash.go:137","msg":"storing new hash","hash":898569353,"revision":232257,"compact-revision":231977}
{"level":"info","ts":"2023-10-11T14:46:37.790Z","caller":"mvcc/index.go:214","msg":"compact tree index","revision":232538}
{"level":"info","ts":"2023-10-11T14:46:37.793Z","caller":"mvcc/kvstore_compaction.go:66","msg":"finished scheduled compaction","compact-revision":232538,"took":"2.14022ms","hash":3141918211}
{"level":"info","ts":"2023-10-11T14:46:37.793Z","caller":"mvcc/hash.go:137","msg":"storing new hash","hash":3141918211,"revision":232538,"compact-revision":232257}
{"level":"info","ts":"2023-10-11T14:51:37.803Z","caller":"mvcc/index.go:214","msg":"compact tree index","revision":232817}
{"level":"info","ts":"2023-10-11T14:51:37.803Z","caller":"mvcc/kvstore_compaction.go:66","msg":"finished scheduled compaction","compact-revision":232817,"took":"439.656µs","hash":1897589937}
{"level":"info","ts":"2023-10-11T14:51:37.803Z","caller":"mvcc/hash.go:137","msg":"storing new hash","hash":1897589937,"revision":232817,"compact-revision":232538}
{"level":"info","ts":"2023-10-11T14:56:37.811Z","caller":"mvcc/index.go:214","msg":"compact tree index","revision":233097}
{"level":"info","ts":"2023-10-11T14:56:37.812Z","caller":"mvcc/kvstore_compaction.go:66","msg":"finished scheduled compaction","compact-revision":233097,"took":"1.071972ms","hash":1135213308}
{"level":"info","ts":"2023-10-11T14:56:37.812Z","caller":"mvcc/hash.go:137","msg":"storing new hash","hash":1135213308,"revision":233097,"compact-revision":232817}
{"level":"info","ts":"2023-10-11T15:01:37.821Z","caller":"mvcc/index.go:214","msg":"compact tree index","revision":233377}
{"level":"info","ts":"2023-10-11T15:01:37.822Z","caller":"mvcc/kvstore_compaction.go:66","msg":"finished scheduled compaction","compact-revision":233377,"took":"928.369µs","hash":3431621267}
{"level":"info","ts":"2023-10-11T15:01:37.822Z","caller":"mvcc/hash.go:137","msg":"storing new hash","hash":3431621267,"revision":233377,"compact-revision":233097}
{"level":"info","ts":"2023-10-11T15:06:37.830Z","caller":"mvcc/index.go:214","msg":"compact tree index","revision":233657}
{"level":"info","ts":"2023-10-11T15:06:37.831Z","caller":"mvcc/kvstore_compaction.go:66","msg":"finished scheduled compaction","compact-revision":233657,"took":"872.496µs","hash":3151327600}
{"level":"info","ts":"2023-10-11T15:06:37.831Z","caller":"mvcc/hash.go:137","msg":"storing new hash","hash":3151327600,"revision":233657,"compact-revision":233377}
{"level":"info","ts":"2023-10-11T15:11:37.835Z","caller":"mvcc/index.go:214","msg":"compact tree index","revision":233938}
{"level":"info","ts":"2023-10-11T15:11:37.836Z","caller":"mvcc/kvstore_compaction.go:66","msg":"finished scheduled compaction","compact-revision":233938,"took":"385.494µs","hash":3621953589}
{"level":"info","ts":"2023-10-11T15:11:37.836Z","caller":"mvcc/hash.go:137","msg":"storing new hash","hash":3621953589,"revision":233938,"compact-revision":233657}
{"level":"info","ts":"2023-10-11T15:16:37.847Z","caller":"mvcc/index.go:214","msg":"compact tree index","revision":234217}
{"level":"info","ts":"2023-10-11T15:16:37.847Z","caller":"mvcc/kvstore_compaction.go:66","msg":"finished scheduled compaction","compact-revision":234217,"took":"537.503µs","hash":483097974}
{"level":"info","ts":"2023-10-11T15:16:37.847Z","caller":"mvcc/hash.go:137","msg":"storing new hash","hash":483097974,"revision":234217,"compact-revision":233938}
{"level":"info","ts":"2023-10-11T15:21:37.854Z","caller":"mvcc/index.go:214","msg":"compact tree index","revision":234497}
{"level":"info","ts":"2023-10-11T15:21:37.855Z","caller":"mvcc/kvstore_compaction.go:66","msg":"finished scheduled compaction","compact-revision":234497,"took":"459.938µs","hash":517748795}
{"level":"info","ts":"2023-10-11T15:21:37.855Z","caller":"mvcc/hash.go:137","msg":"storing new hash","hash":517748795,"revision":234497,"compact-revision":234217}
{"level":"info","ts":"2023-10-11T15:26:37.864Z","caller":"mvcc/index.go:214","msg":"compact tree index","revision":234778}
{"level":"info","ts":"2023-10-11T15:26:37.864Z","caller":"mvcc/kvstore_compaction.go:66","msg":"finished scheduled compaction","compact-revision":234778,"took":"371.921µs","hash":1642673673}
{"level":"info","ts":"2023-10-11T15:26:37.864Z","caller":"mvcc/hash.go:137","msg":"storing new hash","hash":1642673673,"revision":234778,"compact-revision":234497}
{"level":"info","ts":"2023-10-11T15:31:37.870Z","caller":"mvcc/index.go:214","msg":"compact tree index","revision":235057}
{"level":"info","ts":"2023-10-11T15:31:37.872Z","caller":"mvcc/kvstore_compaction.go:66","msg":"finished scheduled compaction","compact-revision":235057,"took":"1.080756ms","hash":1714245989}
{"level":"info","ts":"2023-10-11T15:31:37.872Z","caller":"mvcc/hash.go:137","msg":"storing new hash","hash":1714245989,"revision":235057,"compact-revision":234778}
{"level":"info","ts":"2023-10-11T15:36:37.879Z","caller":"mvcc/index.go:214","msg":"compact tree index","revision":235337}
{"level":"info","ts":"2023-10-11T15:36:37.879Z","caller":"mvcc/kvstore_compaction.go:66","msg":"finished scheduled compaction","compact-revision":235337,"took":"536.428µs","hash":4131638372}
{"level":"info","ts":"2023-10-11T15:36:37.879Z","caller":"mvcc/hash.go:137","msg":"storing new hash","hash":4131638372,"revision":235337,"compact-revision":235057}
{"level":"info","ts":"2023-10-11T15:41:37.888Z","caller":"mvcc/index.go:214","msg":"compact tree index","revision":235617}
{"level":"info","ts":"2023-10-11T15:41:37.890Z","caller":"mvcc/kvstore_compaction.go:66","msg":"finished scheduled compaction","compact-revision":235617,"took":"1.648199ms","hash":3593749785}
{"level":"info","ts":"2023-10-11T15:41:37.890Z","caller":"mvcc/hash.go:137","msg":"storing new hash","hash":3593749785,"revision":235617,"compact-revision":235337}
{"level":"info","ts":"2023-10-11T15:46:37.895Z","caller":"mvcc/index.go:214","msg":"compact tree index","revision":235896}
{"level":"info","ts":"2023-10-11T15:46:37.897Z","caller":"mvcc/kvstore_compaction.go:66","msg":"finished scheduled compaction","compact-revision":235896,"took":"1.279484ms","hash":1951196348}
{"level":"info","ts":"2023-10-11T15:46:37.897Z","caller":"mvcc/hash.go:137","msg":"storing new hash","hash":1951196348,"revision":235896,"compact-revision":235617}
{"level":"info","ts":"2023-10-11T15:51:37.905Z","caller":"mvcc/index.go:214","msg":"compact tree index","revision":236177}
{"level":"info","ts":"2023-10-11T15:51:37.906Z","caller":"mvcc/kvstore_compaction.go:66","msg":"finished scheduled compaction","compact-revision":236177,"took":"417.947µs","hash":5564509}
{"level":"info","ts":"2023-10-11T15:51:37.906Z","caller":"mvcc/hash.go:137","msg":"storing new hash","hash":5564509,"revision":236177,"compact-revision":235896}
{"level":"info","ts":"2023-10-11T15:56:37.915Z","caller":"mvcc/index.go:214","msg":"compact tree index","revision":236510}
{"level":"info","ts":"2023-10-11T15:56:37.915Z","caller":"mvcc/kvstore_compaction.go:66","msg":"finished scheduled compaction","compact-revision":236510,"took":"444.62µs","hash":4187057371}
{"level":"info","ts":"2023-10-11T15:56:37.915Z","caller":"mvcc/hash.go:137","msg":"storing new hash","hash":4187057371,"revision":236510,"compact-revision":236177}
{"level":"info","ts":"2023-10-11T16:01:37.924Z","caller":"mvcc/index.go:214","msg":"compact tree index","revision":236840}
{"level":"info","ts":"2023-10-11T16:01:37.925Z","caller":"mvcc/kvstore_compaction.go:66","msg":"finished scheduled compaction","compact-revision":236840,"took":"436.004µs","hash":2897465890}
{"level":"info","ts":"2023-10-11T16:01:37.925Z","caller":"mvcc/hash.go:137","msg":"storing new hash","hash":2897465890,"revision":236840,"compact-revision":236510}
{"level":"info","ts":"2023-10-11T16:06:37.933Z","caller":"mvcc/index.go:214","msg":"compact tree index","revision":237122}
{"level":"info","ts":"2023-10-11T16:06:37.934Z","caller":"mvcc/kvstore_compaction.go:66","msg":"finished scheduled compaction","compact-revision":237122,"took":"667.54µs","hash":491285908}
{"level":"info","ts":"2023-10-11T16:06:37.934Z","caller":"mvcc/hash.go:137","msg":"storing new hash","hash":491285908,"revision":237122,"compact-revision":236840}
{"level":"info","ts":"2023-10-11T16:11:37.947Z","caller":"mvcc/index.go:214","msg":"compact tree index","revision":237405}
{"level":"info","ts":"2023-10-11T16:11:37.948Z","caller":"mvcc/kvstore_compaction.go:66","msg":"finished scheduled compaction","compact-revision":237405,"took":"1.055466ms","hash":789761866}
{"level":"info","ts":"2023-10-11T16:11:37.948Z","caller":"mvcc/hash.go:137","msg":"storing new hash","hash":789761866,"revision":237405,"compact-revision":237122}
{"level":"info","ts":"2023-10-11T16:16:37.958Z","caller":"mvcc/index.go:214","msg":"compact tree index","revision":237685}
{"level":"info","ts":"2023-10-11T16:16:37.959Z","caller":"mvcc/kvstore_compaction.go:66","msg":"finished scheduled compaction","compact-revision":237685,"took":"505.433µs","hash":260339299}
{"level":"info","ts":"2023-10-11T16:16:37.959Z","caller":"mvcc/hash.go:137","msg":"storing new hash","hash":260339299,"revision":237685,"compact-revision":237405}
{"level":"info","ts":"2023-10-11T16:21:37.968Z","caller":"mvcc/index.go:214","msg":"compact tree index","revision":237966}
{"level":"info","ts":"2023-10-11T16:21:37.970Z","caller":"mvcc/kvstore_compaction.go:66","msg":"finished scheduled compaction","compact-revision":237966,"took":"1.041035ms","hash":2877298418}
{"level":"info","ts":"2023-10-11T16:21:37.970Z","caller":"mvcc/hash.go:137","msg":"storing new hash","hash":2877298418,"revision":237966,"compact-revision":237685}
{"level":"info","ts":"2023-10-11T16:26:37.978Z","caller":"mvcc/index.go:214","msg":"compact tree index","revision":238247}
{"level":"info","ts":"2023-10-11T16:26:37.978Z","caller":"mvcc/kvstore_compaction.go:66","msg":"finished scheduled compaction","compact-revision":238247,"took":"445.733µs","hash":781079339}
{"level":"info","ts":"2023-10-11T16:26:37.978Z","caller":"mvcc/hash.go:137","msg":"storing new hash","hash":781079339,"revision":238247,"compact-revision":237966}
{"level":"info","ts":"2023-10-11T17:57:11.867Z","caller":"etcdserver/server.go:1395","msg":"triggering snapshot","local-member-id":"aec36adc501070cc","local-member-applied-index":290029,"local-member-snapshot-index":280028,"local-member-snapshot-count":10000}
{"level":"info","ts":"2023-10-11T17:57:11.872Z","caller":"etcdserver/server.go:2413","msg":"saved snapshot","snapshot-index":290029}
{"level":"info","ts":"2023-10-11T17:57:11.872Z","caller":"etcdserver/server.go:2443","msg":"compacted Raft logs","compact-index":285029}
{"level":"info","ts":"2023-10-11T17:57:22.282Z","caller":"mvcc/index.go:214","msg":"compact tree index","revision":238528}
{"level":"info","ts":"2023-10-11T17:57:22.283Z","caller":"mvcc/kvstore_compaction.go:66","msg":"finished scheduled compaction","compact-revision":238528,"took":"944.683µs","hash":1885191800}
{"level":"info","ts":"2023-10-11T17:57:22.283Z","caller":"mvcc/hash.go:137","msg":"storing new hash","hash":1885191800,"revision":238528,"compact-revision":238247}
{"level":"info","ts":"2023-10-11T17:57:28.569Z","caller":"fileutil/purge.go:85","msg":"purged","path":"/var/lib/minikube/etcd/member/snap/000000000000001a-000000000003a998.snap"}
{"level":"info","ts":"2023-10-11T18:02:22.291Z","caller":"mvcc/index.go:214","msg":"compact tree index","revision":238800}
{"level":"info","ts":"2023-10-11T18:02:22.293Z","caller":"mvcc/kvstore_compaction.go:66","msg":"finished scheduled compaction","compact-revision":238800,"took":"1.387265ms","hash":266827893}
{"level":"info","ts":"2023-10-11T18:02:22.293Z","caller":"mvcc/hash.go:137","msg":"storing new hash","hash":266827893,"revision":238800,"compact-revision":238528}
{"level":"info","ts":"2023-10-11T18:07:22.301Z","caller":"mvcc/index.go:214","msg":"compact tree index","revision":239080}
{"level":"info","ts":"2023-10-11T18:07:22.302Z","caller":"mvcc/kvstore_compaction.go:66","msg":"finished scheduled compaction","compact-revision":239080,"took":"525.56µs","hash":161486469}
{"level":"info","ts":"2023-10-11T18:07:22.302Z","caller":"mvcc/hash.go:137","msg":"storing new hash","hash":161486469,"revision":239080,"compact-revision":238800}
{"level":"info","ts":"2023-10-11T18:12:22.307Z","caller":"mvcc/index.go:214","msg":"compact tree index","revision":239359}
{"level":"info","ts":"2023-10-11T18:12:22.308Z","caller":"mvcc/kvstore_compaction.go:66","msg":"finished scheduled compaction","compact-revision":239359,"took":"1.195144ms","hash":105568694}
{"level":"info","ts":"2023-10-11T18:12:22.308Z","caller":"mvcc/hash.go:137","msg":"storing new hash","hash":105568694,"revision":239359,"compact-revision":239080}
